[    3956ms] TypeError: elementorFrontend.waypoint is not a function
    at Object.defaultentranceAnimation (https://www.decapulire.com/wp-content/plugins/litho-addons/includes/assets/js/frontend.js?ver=1.6:2979:22)
    at fancyTextBoxInit (https://www.decapulire.com/wp-content/plugins/litho-addons/includes/assets/js/frontend.js?ver=1.6:915:20)
    at _runHook (https://www.decapulire.com/wp-content/plugins/elementor/assets/js/frontend.min.js?ver=3.35.3:1:14877)
    at Object.doAction (https://www.decapulire.com/wp-content/plugins/elementor/assets/js/frontend.min.js?ver=3.35.3:1:15479)
    at e.exports.runReadyTrigger (https://www.decapulire.com/wp-content/plugins/elementor/assets/js/frontend.min.js?ver=3.35.3:1:19606)
    at https://www.decapulire.com/wp-content/plugins/elementor/assets/js/frontend-modules.min.js?ver=3.35.3:1:12311
[    3972ms] TypeError: elementorFrontend.waypoint is not a function
    at Object.defaultentranceAnimation (https://www.decapulire.com/wp-content/plugins/litho-addons/includes/assets/js/frontend.js?ver=1.6:2979:22)
    at fancyTextBoxInit (https://www.decapulire.com/wp-content/plugins/litho-addons/includes/assets/js/frontend.js?ver=1.6:915:20)
    at _runHook (https://www.decapulire.com/wp-content/plugins/elementor/assets/js/frontend.min.js?ver=3.35.3:1:14877)
    at Object.doAction (https://www.decapulire.com/wp-content/plugins/elementor/assets/js/frontend.min.js?ver=3.35.3:1:15479)
    at e.exports.runReadyTrigger (https://www.decapulire.com/wp-content/plugins/elementor/assets/js/frontend.min.js?ver=3.35.3:1:19606)
    at https://www.decapulire.com/wp-content/plugins/elementor/assets/js/frontend-modules.min.js?ver=3.35.3:1:12311
[    3973ms] TypeError: elementorFrontend.waypoint is not a function
    at Object.defaultentranceAnimation (https://www.decapulire.com/wp-content/plugins/litho-addons/includes/assets/js/frontend.js?ver=1.6:2979:22)
    at fancyTextBoxInit (https://www.decapulire.com/wp-content/plugins/litho-addons/includes/assets/js/frontend.js?ver=1.6:915:20)
    at _runHook (https://www.decapulire.com/wp-content/plugins/elementor/assets/js/frontend.min.js?ver=3.35.3:1:14877)
    at Object.doAction (https://www.decapulire.com/wp-content/plugins/elementor/assets/js/frontend.min.js?ver=3.35.3:1:15479)
    at e.exports.runReadyTrigger (https://www.decapulire.com/wp-content/plugins/elementor/assets/js/frontend.min.js?ver=3.35.3:1:19606)
    at https://www.decapulire.com/wp-content/plugins/elementor/assets/js/frontend-modules.min.js?ver=3.35.3:1:12311
[    3973ms] TypeError: elementorFrontend.waypoint is not a function
    at Object.defaultentranceAnimation (https://www.decapulire.com/wp-content/plugins/litho-addons/includes/assets/js/frontend.js?ver=1.6:2979:22)
    at fancyTextBoxInit (https://www.decapulire.com/wp-content/plugins/litho-addons/includes/assets/js/frontend.js?ver=1.6:915:20)
    at _runHook (https://www.decapulire.com/wp-content/plugins/elementor/assets/js/frontend.min.js?ver=3.35.3:1:14877)
    at Object.doAction (https://www.decapulire.com/wp-content/plugins/elementor/assets/js/frontend.min.js?ver=3.35.3:1:15479)
    at e.exports.runReadyTrigger (https://www.decapulire.com/wp-content/plugins/elementor/assets/js/frontend.min.js?ver=3.35.3:1:19606)
    at https://www.decapulire.com/wp-content/plugins/elementor/assets/js/frontend-modules.min.js?ver=3.35.3:1:12311
[    3974ms] TypeError: elementorFrontend.waypoint is not a function
    at Object.defaultentranceAnimation (https://www.decapulire.com/wp-content/plugins/litho-addons/includes/assets/js/frontend.js?ver=1.6:2979:22)
    at fancyTextBoxInit (https://www.decapulire.com/wp-content/plugins/litho-addons/includes/assets/js/frontend.js?ver=1.6:915:20)
    at _runHook (https://www.decapulire.com/wp-content/plugins/elementor/assets/js/frontend.min.js?ver=3.35.3:1:14877)
    at Object.doAction (https://www.decapulire.com/wp-content/plugins/elementor/assets/js/frontend.min.js?ver=3.35.3:1:15479)
    at e.exports.runReadyTrigger (https://www.decapulire.com/wp-content/plugins/elementor/assets/js/frontend.min.js?ver=3.35.3:1:19606)
    at https://www.decapulire.com/wp-content/plugins/elementor/assets/js/frontend-modules.min.js?ver=3.35.3:1:12311
[    3974ms] TypeError: elementorFrontend.waypoint is not a function
    at Object.defaultentranceAnimation (https://www.decapulire.com/wp-content/plugins/litho-addons/includes/assets/js/frontend.js?ver=1.6:2979:22)
    at fancyTextBoxInit (https://www.decapulire.com/wp-content/plugins/litho-addons/includes/assets/js/frontend.js?ver=1.6:915:20)
    at _runHook (https://www.decapulire.com/wp-content/plugins/elementor/assets/js/frontend.min.js?ver=3.35.3:1:14877)
    at Object.doAction (https://www.decapulire.com/wp-content/plugins/elementor/assets/js/frontend.min.js?ver=3.35.3:1:15479)
    at e.exports.runReadyTrigger (https://www.decapulire.com/wp-content/plugins/elementor/assets/js/frontend.min.js?ver=3.35.3:1:19606)
    at https://www.decapulire.com/wp-content/plugins/elementor/assets/js/frontend-modules.min.js?ver=3.35.3:1:12311
[    3975ms] TypeError: elementorFrontend.waypoint is not a function
    at Object.defaultentranceAnimation (https://www.decapulire.com/wp-content/plugins/litho-addons/includes/assets/js/frontend.js?ver=1.6:2979:22)
    at fancyTextBoxInit (https://www.decapulire.com/wp-content/plugins/litho-addons/includes/assets/js/frontend.js?ver=1.6:915:20)
    at _runHook (https://www.decapulire.com/wp-content/plugins/elementor/assets/js/frontend.min.js?ver=3.35.3:1:14877)
    at Object.doAction (https://www.decapulire.com/wp-content/plugins/elementor/assets/js/frontend.min.js?ver=3.35.3:1:15479)
    at e.exports.runReadyTrigger (https://www.decapulire.com/wp-content/plugins/elementor/assets/js/frontend.min.js?ver=3.35.3:1:19606)
    at https://www.decapulire.com/wp-content/plugins/elementor/assets/js/frontend-modules.min.js?ver=3.35.3:1:12311
[    3975ms] TypeError: elementorFrontend.waypoint is not a function
    at Object.defaultentranceAnimation (https://www.decapulire.com/wp-content/plugins/litho-addons/includes/assets/js/frontend.js?ver=1.6:2979:22)
    at fancyTextBoxInit (https://www.decapulire.com/wp-content/plugins/litho-addons/includes/assets/js/frontend.js?ver=1.6:915:20)
    at _runHook (https://www.decapulire.com/wp-content/plugins/elementor/assets/js/frontend.min.js?ver=3.35.3:1:14877)
    at Object.doAction (https://www.decapulire.com/wp-content/plugins/elementor/assets/js/frontend.min.js?ver=3.35.3:1:15479)
    at e.exports.runReadyTrigger (https://www.decapulire.com/wp-content/plugins/elementor/assets/js/frontend.min.js?ver=3.35.3:1:19606)
    at https://www.decapulire.com/wp-content/plugins/elementor/assets/js/frontend-modules.min.js?ver=3.35.3:1:12311
[    3976ms] TypeError: elementorFrontend.waypoint is not a function
    at Object.defaultentranceAnimation (https://www.decapulire.com/wp-content/plugins/litho-addons/includes/assets/js/frontend.js?ver=1.6:2979:22)
    at fancyTextBoxInit (https://www.decapulire.com/wp-content/plugins/litho-addons/includes/assets/js/frontend.js?ver=1.6:915:20)
    at _runHook (https://www.decapulire.com/wp-content/plugins/elementor/assets/js/frontend.min.js?ver=3.35.3:1:14877)
    at Object.doAction (https://www.decapulire.com/wp-content/plugins/elementor/assets/js/frontend.min.js?ver=3.35.3:1:15479)
    at e.exports.runReadyTrigger (https://www.decapulire.com/wp-content/plugins/elementor/assets/js/frontend.min.js?ver=3.35.3:1:19606)
    at https://www.decapulire.com/wp-content/plugins/elementor/assets/js/frontend-modules.min.js?ver=3.35.3:1:12311
[    3977ms] TypeError: elementorFrontend.waypoint is not a function
    at Object.defaultentranceAnimation (https://www.decapulire.com/wp-content/plugins/litho-addons/includes/assets/js/frontend.js?ver=1.6:2979:22)
    at fancyTextBoxInit (https://www.decapulire.com/wp-content/plugins/litho-addons/includes/assets/js/frontend.js?ver=1.6:915:20)
    at _runHook (https://www.decapulire.com/wp-content/plugins/elementor/assets/js/frontend.min.js?ver=3.35.3:1:14877)
    at Object.doAction (https://www.decapulire.com/wp-content/plugins/elementor/assets/js/frontend.min.js?ver=3.35.3:1:15479)
    at e.exports.runReadyTrigger (https://www.decapulire.com/wp-content/plugins/elementor/assets/js/frontend.min.js?ver=3.35.3:1:19606)
    at https://www.decapulire.com/wp-content/plugins/elementor/assets/js/frontend-modules.min.js?ver=3.35.3:1:12311
[    5180ms] TypeError: elementorFrontend.waypoint is not a function
    at blog_list_animation (https://www.decapulire.com/wp-content/plugins/litho-addons/includes/assets/js/frontend.js?ver=1.6:693:24)
    at r.<anonymous> (https://www.decapulire.com/wp-content/plugins/litho-addons/includes/assets/js/frontend.js?ver=1.6:599:6)
    at e.emitEvent (https://www.decapulire.com/wp-content/themes/litho/assets/js/infinite-scroll.pkgd.min.js?ver=4.0.1:9:1633)
    at r.complete (https://www.decapulire.com/wp-content/themes/litho/assets/js/infinite-scroll.pkgd.min.js?ver=4.0.1:15:2654)
    at r.progress (https://www.decapulire.com/wp-content/themes/litho/assets/js/infinite-scroll.pkgd.min.js?ver=4.0.1:15:2471)
    at https://www.decapulire.com/wp-content/themes/litho/assets/js/infinite-scroll.pkgd.min.js?ver=4.0.1:15:2039
